SF:lib/models/author.dart
DA:11,3
DA:20,2
DA:21,2
DA:22,2
DA:23,2
DA:24,2
DA:25,2
DA:26,2
DA:27,2
DA:31,2
DA:32,2
DA:33,2
DA:34,2
DA:35,2
DA:36,2
DA:37,2
DA:38,2
LF:17
LH:17
end_of_record
SF:lib/exceptions/http_exception.dart
DA:6,1
LF:1
LH:1
end_of_record
SF:lib/models/article.dart
DA:20,6
DA:37,2
DA:38,2
DA:39,2
DA:40,2
DA:41,2
DA:42,2
DA:43,2
DA:44,2
DA:45,2
DA:46,2
DA:47,2
DA:48,2
DA:49,8
DA:50,2
DA:51,2
DA:52,4
DA:56,2
DA:57,2
DA:58,2
DA:59,2
DA:60,2
DA:61,2
DA:62,2
DA:63,2
DA:64,2
DA:65,2
DA:66,2
DA:67,2
DA:68,2
DA:69,2
DA:70,2
DA:71,2
LF:33
LH:33
end_of_record
SF:lib/services/http/dio_http_service.dart
DA:11,4
DA:13,3
DA:15,3
DA:21,6
DA:22,3
DA:23,2
DA:24,3
DA:28,2
DA:33,12
DA:35,6
DA:40,6
DA:41,1
DA:43,1
DA:44,1
DA:52,1
DA:56,6
DA:58,3
DA:63,3
DA:64,1
DA:66,1
DA:67,1
DA:74,1
DA:77,1
DA:80,1
DA:83,1
LF:25
LH:25
end_of_record
SF:lib/services/storage/hive_storage_service.dart
DA:7,1
DA:8,4
DA:12,0
DA:13,0
DA:14,0
DA:18,1
DA:19,2
DA:22,1
DA:24,2
DA:27,1
DA:29,3
DA:32,1
DA:34,2
DA:38,1
DA:39,2
DA:43,1
DA:44,3
DA:48,0
DA:49,0
LF:19
LH:14
end_of_record
SF:lib/repositories/article_repository.dart
DA:18,1
DA:21,1
DA:26,1
DA:28,1
DA:33,2
DA:36,3
DA:41,5
DA:45,1
DA:46,4
DA:48,2
LF:10
LH:10
end_of_record
SF:lib/services/service_locator.dart
DA:7,3
DA:9,1
DA:10,3
DA:12,2
DA:14,3
DA:17,1
DA:18,3
LF:7
LH:7
end_of_record
